[debug] [2020-07-20T02:33:51.705Z] ----------------------------------------------------------------------
[debug] [2020-07-20T02:33:51.707Z] Command:       /Users/xxx/.nvm/versions/node/v10.20.1/bin/node /usr/local/bin/firebase emulators:start --only functions
[debug] [2020-07-20T02:33:51.708Z] CLI Version:   7.9.0
[debug] [2020-07-20T02:33:51.708Z] Platform:      darwin
[debug] [2020-07-20T02:33:51.708Z] Node Version:  v10.20.1
[debug] [2020-07-20T02:33:51.721Z] Time:          Sun Jul 19 2020 23:33:51 GMT-0300 (Argentina Standard Time)
[debug] [2020-07-20T02:33:51.722Z] ----------------------------------------------------------------------
[debug] [2020-07-20T02:33:51.722Z] 
[info] i  emulators: Starting emulators: functions
[info] ✔  functions: Using node@10 from host.
[info] ✔  functions: Emulator started at http://localhost:5001
[info] i  functions: Watching "/Users/xxx/Desktop/proyectos/distribuidora1830/functions" for Cloud Functions...
[debug] [2020-07-20T02:33:52.148Z] [worker-~diagnostic~-221b654d-d4a3-4afb-bfe5-9bf23d68f3f7]: Assigning socketPath: /var/folders/0y/xn6_rqb50j98yz0yrjgt4hjw0000gn/T/fire_emu_79136.sock
[debug] [2020-07-20T02:33:52.153Z] [worker-~diagnostic~-221b654d-d4a3-4afb-bfe5-9bf23d68f3f7]: BUSY
[debug] [2020-07-20T02:33:53.727Z] [runtime-status] [79136] Functions runtime initialized. {"cwd":"/Users/xxx/Desktop/proyectos/distribuidora1830/functions","node_version":"10.20.1"}
[debug] [2020-07-20T02:33:53.729Z] [runtime-status] [79136] Disabled runtime features: undefined
[debug] [2020-07-20T02:33:53.734Z] [runtime-status] [79136] Resolved module firebase-admin {"declared":true,"installed":true,"version":"8.12.1","resolution":"/Users/xxx/Desktop/proyectos/distribuidora1830/functions/node_modules/firebase-admin/lib/index.js"}
[debug] [2020-07-20T02:33:53.736Z] [runtime-status] [79136] Resolved module firebase-functions {"declared":true,"installed":true,"version":"3.7.0","resolution":"/Users/xxx/Desktop/proyectos/distribuidora1830/functions/node_modules/firebase-functions/lib/index.js"}
[debug] [2020-07-20T02:33:55.075Z] [runtime-status] [79136] Found google-gax at /Users/xxx/Desktop/proyectos/distribuidora1830/functions/node_modules/google-gax/build/src/index.js
[debug] [2020-07-20T02:33:55.075Z] [runtime-status] [79136] Outgoing network have been stubbed. [{"name":"http","status":"mocked"},{"name":"http","status":"mocked"},{"name":"https","status":"mocked"},{"name":"https","status":"mocked"},{"name":"net","status":"mocked"},{"name":"google-gax","status":"mocked"}]
[debug] [2020-07-20T02:33:55.172Z] [runtime-status] [79136] Checked functions.config() {"config":{"email":{"to":"zhuclam@gmail.com"}}}
[debug] [2020-07-20T02:33:55.173Z] [runtime-status] [79136] Error in handleMessage: {"frb":{"cwd":"/Users/xxx/Desktop/proyectos/distribuidora1830/functions","projectId":"distribuidora1830-8141d","triggerId":"","ports":{},"socketPath":"/var/folders/0y/xn6_rqb50j98yz0yrjgt4hjw0000gn/T/fire_emu_79136.sock"},"opts":{"nodeBinary":"/Users/xxx/.nvm/versions/node/v10.20.1/bin/node"}} => TypeError: Cannot set property config of #<Object> which has only a getter: TypeError: Cannot set property config of #<Object> which has only a getter
    at /usr/local/lib/node_modules/firebase-tools/lib/emulator/functionsEmulatorRuntime.js:513:19
    at Generator.next (<anonymous>)
    at fulfilled (/usr/local/lib/node_modules/firebase-tools/lib/emulator/functionsEmulatorRuntime.js:4:58)
    at process._tickCallback (internal/process/next_tick.js:68:7)
[warn] ⚠  functions:
[warn] ⚠  Your function was killed because it raised an unhandled error.
[debug] [2020-07-20T02:33:55.190Z] [worker-~diagnostic~-221b654d-d4a3-4afb-bfe5-9bf23d68f3f7]: exited
[debug] [2020-07-20T02:33:55.190Z] [worker-~diagnostic~-221b654d-d4a3-4afb-bfe5-9bf23d68f3f7]: FINISHED
